<?xml version="1.0" encoding="UTF-8"?>
<!-- Generated by org.testng.reporters.JUnitXMLReporter -->
<testsuite ignored="0" hostname="DESKTOP-PGIA3FS" failures="1" tests="2" name="LoginTest" time="0.076" errors="0" timestamp="2021-01-07T19:49:57 IST">
  <testcase classname="Listeners.LoginTest" name="loginByEmail" time="0.012"/>
  <testcase classname="Listeners.LoginTest" name="loginByFaceBook" time="0.003">
    <failure type="java.lang.AssertionError" message="expected [Not] but found [Sam]">
      <![CDATA[java.lang.AssertionError: expected [Not] but found [Sam]
at Listeners.LoginTest.loginByFaceBook(LoginTest.java:20)
at java.base/java.util.ArrayList.forEach(ArrayList.java:1540)
... Removed 33 stack frames]]>
    </failure>
  </testcase> <!-- loginByFaceBook -->
</testsuite> <!-- LoginTest -->
